14 https://www.livefootballtickets.com/fixtures/match-14-germany-v-a3-tickets-euro-2024.html
1 https://www.livefootballtickets.com/fixtures/match-1-germany-v-a2-tickets-euro-2024.html
26 https://www.livefootballtickets.com/fixtures/match-26-a2-v-a3-tickets-euro-2024.html
13 https://www.livefootballtickets.com/fixtures/match-13-a2-v-a4-tickets-euro-2024.html
2 https://www.livefootballtickets.com/fixtures/match-2-a3-v-a4-tickets-euro-2024.html
25 https://www.livefootballtickets.com/fixtures/match-25-a4-v-germany-tickets-euro-2024.html
16 https://www.livefootballtickets.com/fixtures/match-16-b1-v-b3-tickets-euro-2024.html
3 https://www.livefootballtickets.com/fixtures/match-3-b1-v-b2-tickets-euro-2024.html
15 https://www.livefootballtickets.com/fixtures/match-15-b2-v-b4-tickets-euro-2024.html
28 https://www.livefootballtickets.com/fixtures/match-28-b2-v-b3-tickets-euro-2024.html
4 https://www.livefootballtickets.com/fixtures/match-4-b3-v-b4-tickets-euro-2024.html
27 https://www.livefootballtickets.com/fixtures/match-27-b4-v-b1-tickets-euro-2024.html
6 https://www.livefootballtickets.com/fixtures/match-6-c1-v-c2-tickets-euro-2024.html
18 https://www.livefootballtickets.com/fixtures/match-18-c1-v-c3-tickets-euro-2024.html
17 https://www.livefootballtickets.com/fixtures/match-17-c2-v-c4-tickets-euro-2024.html
30 https://www.livefootballtickets.com/fixtures/match-30-c2-v-c3-tickets-euro-2024.html
5 https://www.livefootballtickets.com/fixtures/match-5-c3-v-c4-tickets-euro-2024.html
29 https://www.livefootballtickets.com/fixtures/match-29-c4-v-c1-tickets-euro-2024.html
7 https://www.livefootballtickets.com/fixtures/match-7-d1-v-d2-tickets-euro-2024.html
19 https://www.livefootballtickets.com/fixtures/match-19-d1-v-d3-tickets-euro-2024.html
31 https://www.livefootballtickets.com/fixtures/match-31-d2-v-d3-tickets-euro-2024.html
20 https://www.livefootballtickets.com/fixtures/match-20-d2-v-d4-tickets-euro-2024.html
8 https://www.livefootballtickets.com/fixtures/match-8-d3-v-d4-tickets-euro-2024.html
32 https://www.livefootballtickets.com/fixtures/match-32-d4-v-d1-tickets-euro-2024.html
9 https://www.livefootballtickets.com/fixtures/match-9-e1-v-e2-tickets-euro-2024.html
22 https://www.livefootballtickets.com/fixtures/match-22-e1-v-e3-tickets-euro-2024.html
33 https://www.livefootballtickets.com/fixtures/match-33-e2-v-e3-tickets-euro-2024.html
21 https://www.livefootballtickets.com/fixtures/match-21-e2-v-e4-tickets-euro-2024.html
10 https://www.livefootballtickets.com/fixtures/match-10-e3-v-e4-tickets-euro-2024.html
34 https://www.livefootballtickets.com/fixtures/match-34-e4-v-e1-tickets-euro-2024.html
11 https://www.livefootballtickets.com/fixtures/match-11-f1-v-f2-tickets-euro-2024.html
23 https://www.livefootballtickets.com/fixtures/match-23-f1-v-f3-tickets-euro-2024.html
35 https://www.livefootballtickets.com/fixtures/match-35-f2-v-f3-tickets-euro-2024.html
24 https://www.livefootballtickets.com/fixtures/match-24-f2-v-f4-tickets-euro-2024.html
12 https://www.livefootballtickets.com/fixtures/match-12-f3-v-f4-tickets-euro-2024.html
36 https://www.livefootballtickets.com/fixtures/match-36-f4-v-f1-tickets-euro-2024.html
