https://www.livefootballtickets.com/fixtures/match-4-b3-v-b4-tickets-euro-2024.html
https://www.livefootballtickets.com/fixtures/match-15-b2-v-b4-tickets-euro-2024.html
https://www.livefootballtickets.com/fixtures/match-27-b4-v-b1-tickets-euro-2024.html
https://www.livefootballtickets.com/fixtures/match-8-d3-v-d4-tickets-euro-2024.html
https://www.livefootballtickets.com/fixtures/match-31-d2-v-d3-tickets-euro-2024.html
https://www.livefootballtickets.com/fixtures/england-v-belgium-tickets-international-friendly.html
https://www.livefootballtickets.com/fixtures/match-9-e1-v-e2-tickets-euro-2024.html
https://www.livefootballtickets.com/fixtures/match-22-e1-v-e3-tickets-euro-2024.html
https://www.livefootballtickets.com/fixtures/match-34-e4-v-e1-tickets-euro-2024.html
https://www.livefootballtickets.com/fixtures/match-3-b1-v-b2-tickets-euro-2024.html
https://www.livefootballtickets.com/fixtures/match-15-b2-v-b4-tickets-euro-2024.html
https://www.livefootballtickets.com/fixtures/match-28-b2-v-b3-tickets-euro-2024.html
https://www.livefootballtickets.com/fixtures/match-12-f3-v-f4-tickets-euro-2024.html
https://www.livefootballtickets.com/fixtures/match-24-f2-v-f4-tickets-euro-2024.html
https://www.livefootballtickets.com/fixtures/match-36-f4-v-f1-tickets-euro-2024.html
https://www.livefootballtickets.com/fixtures/match-6-c1-v-c2-tickets-euro-2024.html
https://www.livefootballtickets.com/fixtures/match-17-c2-v-c4-tickets-euro-2024.html
https://www.livefootballtickets.com/fixtures/match-30-c2-v-c3-tickets-euro-2024.html
https://www.livefootballtickets.com/fixtures/england-v-belgium-tickets-international-friendly.html
https://www.livefootballtickets.com/fixtures/match-5-c3-v-c4-tickets-euro-2024.html
https://www.livefootballtickets.com/fixtures/match-17-c2-v-c4-tickets-euro-2024.html
https://www.livefootballtickets.com/fixtures/match-29-c4-v-c1-tickets-euro-2024.html
https://www.livefootballtickets.com/fixtures/final-match-winner-match-49-v-winner-match-50-tickets-euro-2024.html
https://www.livefootballtickets.com/fixtures/match-1-germany-v-a2-tickets-euro-2024.html
https://www.livefootballtickets.com/fixtures/match-2-a3-v-a4-tickets-euro-2024.html
https://www.livefootballtickets.com/fixtures/match-3-b1-v-b2-tickets-euro-2024.html
https://www.livefootballtickets.com/fixtures/match-4-b3-v-b4-tickets-euro-2024.html
https://www.livefootballtickets.com/fixtures/match-7-d1-v-d2-tickets-euro-2024.html
https://www.livefootballtickets.com/fixtures/match-6-c1-v-c2-tickets-euro-2024.html
https://www.livefootballtickets.com/fixtures/match-5-c3-v-c4-tickets-euro-2024.html
https://www.livefootballtickets.com/fixtures/match-10-e3-v-e4-tickets-euro-2024.html
https://www.livefootballtickets.com/fixtures/match-9-e1-v-e2-tickets-euro-2024.html
https://www.livefootballtickets.com/fixtures/match-8-d3-v-d4-tickets-euro-2024.html
https://www.livefootballtickets.com/fixtures/match-11-f1-v-f2-tickets-euro-2024.html
https://www.livefootballtickets.com/fixtures/match-12-f3-v-f4-tickets-euro-2024.html
https://www.livefootballtickets.com/fixtures/match-15-b2-v-b4-tickets-euro-2024.html
https://www.livefootballtickets.com/fixtures/match-14-germany-v-a3-tickets-euro-2024.html
https://www.livefootballtickets.com/fixtures/match-13-a2-v-a4-tickets-euro-2024.html
https://www.livefootballtickets.com/fixtures/match-18-c1-v-c3-tickets-euro-2024.html
https://www.livefootballtickets.com/fixtures/match-17-c2-v-c4-tickets-euro-2024.html
https://www.livefootballtickets.com/fixtures/match-16-b1-v-b3-tickets-euro-2024.html
https://www.livefootballtickets.com/fixtures/match-21-e2-v-e4-tickets-euro-2024.html
https://www.livefootballtickets.com/fixtures/match-19-d1-v-d3-tickets-euro-2024.html
https://www.livefootballtickets.com/fixtures/match-20-d2-v-d4-tickets-euro-2024.html
https://www.livefootballtickets.com/fixtures/match-24-f2-v-f4-tickets-euro-2024.html
https://www.livefootballtickets.com/fixtures/match-23-f1-v-f3-tickets-euro-2024.html
https://www.livefootballtickets.com/fixtures/match-22-e1-v-e3-tickets-euro-2024.html
https://www.livefootballtickets.com/fixtures/match-25-a4-v-germany-tickets-euro-2024.html
https://www.livefootballtickets.com/fixtures/match-26-a2-v-a3-tickets-euro-2024.html
https://www.livefootballtickets.com/fixtures/match-27-b4-v-b1-tickets-euro-2024.html
https://www.livefootballtickets.com/fixtures/match-28-b2-v-b3-tickets-euro-2024.html
https://www.livefootballtickets.com/fixtures/match-31-d2-v-d3-tickets-euro-2024.html
https://www.livefootballtickets.com/fixtures/match-32-d4-v-d1-tickets-euro-2024.html
https://www.livefootballtickets.com/fixtures/match-29-c4-v-c1-tickets-euro-2024.html
https://www.livefootballtickets.com/fixtures/match-30-c2-v-c3-tickets-euro-2024.html
https://www.livefootballtickets.com/fixtures/match-33-e2-v-e3-tickets-euro-2024.html
https://www.livefootballtickets.com/fixtures/match-34-e4-v-e1-tickets-euro-2024.html
https://www.livefootballtickets.com/fixtures/match-35-f2-v-f3-tickets-euro-2024.html
https://www.livefootballtickets.com/fixtures/match-36-f4-v-f1-tickets-euro-2024.html
https://www.livefootballtickets.com/fixtures/match-45-winner-match-39-v-winner-match-37-tickets-euro-2024.html
https://www.livefootballtickets.com/fixtures/match-46-winner-match-41-v-winner-match-42-tickets-euro-2024.html
https://www.livefootballtickets.com/fixtures/match-48-winner-match-40-v-winner-match-38-tickets-euro-2024.html
https://www.livefootballtickets.com/fixtures/match-47-winner-match-43-v-winner-match-44-tickets-euro-2024.html
https://www.livefootballtickets.com/fixtures/match-38-runner-up-group-a-v-runner-up-group-b-tickets-euro-2024.html
https://www.livefootballtickets.com/fixtures/match-37-winner-group-a-v-runner-up-group-c-tickets-euro-2024.html
https://www.livefootballtickets.com/fixtures/match-40-winner-group-c-v-3rd-group-def-tickets-euro-2024.html
https://www.livefootballtickets.com/fixtures/match-39-winner-group-b-v-3rd-group-adef-tickets-euro-2024.html
https://www.livefootballtickets.com/fixtures/match-42-runner-up-group-d-v-runner-up-group-e-tickets-euro-2024.html
https://www.livefootballtickets.com/fixtures/match-41-winner-group-f-v-3rd-group-abc-tickets-euro-2024.html
https://www.livefootballtickets.com/fixtures/match-43-winner-group-e-v-3rd-group-abcd-tickets-euro-2024.html
https://www.livefootballtickets.com/fixtures/match-44-winner-group-d-v-runner-up-group-f-tickets-euro-2024.html
https://www.livefootballtickets.com/fixtures/match-49-winner-match-45-v-winner-match-46-tickets-euro-2024.html
https://www.livefootballtickets.com/fixtures/match-50-winner-match-47-v-winner-match-48-tickets-euro-2024.html
https://www.livefootballtickets.com/fixtures/match-8-d3-v-d4-tickets-euro-2024.html
https://www.livefootballtickets.com/fixtures/match-20-d2-v-d4-tickets-euro-2024.html
https://www.livefootballtickets.com/fixtures/match-32-d4-v-d1-tickets-euro-2024.html
https://www.livefootballtickets.com/fixtures/match-1-germany-v-a2-tickets-euro-2024.html
https://www.livefootballtickets.com/fixtures/match-14-germany-v-a3-tickets-euro-2024.html
https://www.livefootballtickets.com/fixtures/match-25-a4-v-germany-tickets-euro-2024.html
https://www.livefootballtickets.com/fixtures/match-2-a3-v-a4-tickets-euro-2024.html
https://www.livefootballtickets.com/fixtures/match-14-germany-v-a3-tickets-euro-2024.html
https://www.livefootballtickets.com/fixtures/match-26-a2-v-a3-tickets-euro-2024.html
https://www.livefootballtickets.com/fixtures/match-4-b3-v-b4-tickets-euro-2024.html
https://www.livefootballtickets.com/fixtures/match-16-b1-v-b3-tickets-euro-2024.html
https://www.livefootballtickets.com/fixtures/match-28-b2-v-b3-tickets-euro-2024.html
https://www.livefootballtickets.com/fixtures/match-7-d1-v-d2-tickets-euro-2024.html
https://www.livefootballtickets.com/fixtures/match-20-d2-v-d4-tickets-euro-2024.html
https://www.livefootballtickets.com/fixtures/match-31-d2-v-d3-tickets-euro-2024.html
https://www.livefootballtickets.com/fixtures/match-12-f3-v-f4-tickets-euro-2024.html
https://www.livefootballtickets.com/fixtures/match-23-f1-v-f3-tickets-euro-2024.html
https://www.livefootballtickets.com/fixtures/match-35-f2-v-f3-tickets-euro-2024.html
https://www.livefootballtickets.com/fixtures/match-10-e3-v-e4-tickets-euro-2024.html
https://www.livefootballtickets.com/fixtures/match-22-e1-v-e3-tickets-euro-2024.html
https://www.livefootballtickets.com/fixtures/match-33-e2-v-e3-tickets-euro-2024.html
https://www.livefootballtickets.com/fixtures/match-1-germany-v-a2-tickets-euro-2024.html
https://www.livefootballtickets.com/fixtures/match-13-a2-v-a4-tickets-euro-2024.html
https://www.livefootballtickets.com/fixtures/match-26-a2-v-a3-tickets-euro-2024.html
https://www.livefootballtickets.com/fixtures/match-5-c3-v-c4-tickets-euro-2024.html
https://www.livefootballtickets.com/fixtures/match-18-c1-v-c3-tickets-euro-2024.html
https://www.livefootballtickets.com/fixtures/match-30-c2-v-c3-tickets-euro-2024.html
https://www.livefootballtickets.com/fixtures/match-9-e1-v-e2-tickets-euro-2024.html
https://www.livefootballtickets.com/fixtures/match-21-e2-v-e4-tickets-euro-2024.html
https://www.livefootballtickets.com/fixtures/match-33-e2-v-e3-tickets-euro-2024.html
https://www.livefootballtickets.com/fixtures/match-6-c1-v-c2-tickets-euro-2024.html
https://www.livefootballtickets.com/fixtures/match-18-c1-v-c3-tickets-euro-2024.html
https://www.livefootballtickets.com/fixtures/match-29-c4-v-c1-tickets-euro-2024.html
https://www.livefootballtickets.com/fixtures/match-3-b1-v-b2-tickets-euro-2024.html
https://www.livefootballtickets.com/fixtures/match-16-b1-v-b3-tickets-euro-2024.html
https://www.livefootballtickets.com/fixtures/match-27-b4-v-b1-tickets-euro-2024.html
https://www.livefootballtickets.com/fixtures/match-2-a3-v-a4-tickets-euro-2024.html
https://www.livefootballtickets.com/fixtures/match-13-a2-v-a4-tickets-euro-2024.html
https://www.livefootballtickets.com/fixtures/match-25-a4-v-germany-tickets-euro-2024.html
https://www.livefootballtickets.com/fixtures/match-11-f1-v-f2-tickets-euro-2024.html
https://www.livefootballtickets.com/fixtures/match-23-f1-v-f3-tickets-euro-2024.html
https://www.livefootballtickets.com/fixtures/match-36-f4-v-f1-tickets-euro-2024.html
